[debug] [2018-12-16T09:15:31.013Z] ----------------------------------------------------------------------
[debug] [2018-12-16T09:15:31.017Z] Command:       C:\Program Files\nodejs\node.exe C:\Users\MyPc\AppData\Roaming\npm\node_modules\firebase-tools\lib\bin\firebase.js deploy --only functions
[debug] [2018-12-16T09:15:31.017Z] CLI Version:   6.1.2
[debug] [2018-12-16T09:15:31.017Z] Platform:      win32
[debug] [2018-12-16T09:15:31.017Z] Node Version:  v8.11.4
[debug] [2018-12-16T09:15:31.018Z] Time:          Sun Dec 16 2018 01:15:31 GMT-0800 (Pacific Standard Time)
[debug] [2018-12-16T09:15:31.018Z] ----------------------------------------------------------------------
[debug] 
[debug] [2018-12-16T09:15:31.040Z] > command requires scopes: ["email","openid","https://www.googleapis.com/auth/cloudplatformprojects.readonly","https://www.googleapis.com/auth/firebase","https://www.googleapis.com/auth/cloud-platform"]
[debug] [2018-12-16T09:15:31.041Z] > authorizing via signed-in user
[debug] [2018-12-16T09:15:31.041Z] [iam] checking project just-duality-219119 for permissions ["cloudfunctions.functions.create","cloudfunctions.functions.delete","cloudfunctions.functions.get","cloudfunctions.functions.list","cloudfunctions.functions.update","cloudfunctions.operations.get","firebase.projects.get"]
[debug] [2018-12-16T09:15:31.045Z] > refreshing access token with scopes: ["email","https://www.googleapis.com/auth/cloud-platform","https://www.googleapis.com/auth/cloudplatformprojects.readonly","https://www.googleapis.com/auth/firebase","openid"]
[debug] [2018-12-16T09:15:31.045Z] >>> HTTP REQUEST POST https://www.googleapis.com/oauth2/v3/token  
 <request body omitted>
[debug] [2018-12-16T09:15:35.295Z] <<< HTTP RESPONSE 200
[debug] [2018-12-16T09:15:35.400Z] >>> HTTP REQUEST POST https://cloudresourcemanager.googleapis.com/v1/projects/just-duality-219119:testIamPermissions  

[debug] [2018-12-16T09:15:38.199Z] <<< HTTP RESPONSE 200
[info] 
[info] === Deploying to 'just-duality-219119'...
[info] 
[info] i  deploying functions
[info] Running command: npm --prefix "%RESOURCE_DIR%" run lint
[info] +  functions: Finished running predeploy script.
[debug] [2018-12-16T09:18:53.898Z] > [functions] package.json contents: {
  "name": "functions",
  "description": "Cloud Functions for Firebase",
  "scripts": {
    "lint": "eslint .",
    "serve": "firebase serve --only functions",
    "shell": "firebase functions:shell",
    "start": "npm run shell",
    "deploy": "firebase deploy --only functions",
    "logs": "firebase functions:log"
  },
  "dependencies": {
    "firebase-admin": "~6.0.0",
    "firebase-functions": "^2.1.0"
  },
  "devDependencies": {
    "eslint": "^4.12.0",
    "eslint-plugin-promise": "^3.6.0"
  },
  "private": true
}
[info] i  functions: ensuring necessary APIs are enabled...
[debug] [2018-12-16T09:18:53.905Z] >>> HTTP REQUEST GET https://servicemanagement.googleapis.com/v1/services/cloudfunctions.googleapis.com/projectSettings/just-duality-219119?view=CONSUMER_VIEW  
 
[debug] [2018-12-16T09:18:53.909Z] >>> HTTP REQUEST GET https://servicemanagement.googleapis.com/v1/services/runtimeconfig.googleapis.com/projectSettings/just-duality-219119?view=CONSUMER_VIEW  
 
[debug] [2018-12-16T09:18:57.935Z] <<< HTTP RESPONSE 200
[debug] [2018-12-16T09:18:59.230Z] <<< HTTP RESPONSE 200
[info] +  functions: all necessary APIs are enabled
[debug] [2018-12-16T09:18:59.232Z] >>> HTTP REQUEST GET https://cloudresourcemanager.googleapis.com/v1/projects/just-duality-219119  
 
[debug] [2018-12-16T09:19:01.385Z] <<< HTTP RESPONSE 200
[debug] [2018-12-16T09:19:01.386Z] >>> HTTP REQUEST GET https://mobilesdk-pa.googleapis.com/v1/projects/621927613306:getServerAppConfig  
 
[debug] [2018-12-16T09:19:03.308Z] <<< HTTP RESPONSE 200
[info] i  functions: preparing functions directory for uploading...
[debug] [2018-12-16T09:19:03.314Z] >>> HTTP REQUEST GET https://runtimeconfig.googleapis.com/v1beta1/projects/just-duality-219119/configs  
 
[debug] [2018-12-16T09:19:06.085Z] <<< HTTP RESPONSE 200
[info] i  functions: packaged functions (52.13 KB) for uploading
[debug] [2018-12-16T09:19:26.282Z] >>> HTTP REQUEST POST https://cloudfunctions.googleapis.com/v1/projects/just-duality-219119/locations/us-central1/functions:generateUploadUrl  
 
[debug] [2018-12-16T09:19:28.124Z] <<< HTTP RESPONSE 200
[debug] [2018-12-16T09:19:28.126Z] >>> HTTP REQUEST PUT https://storage.googleapis.com/gcf-upload-us-central1-4330f65f-1cea-4b1c-8d4a-9ca0774d097e/cc5ad534-f5a3-402f-a7de-7273e83300af.zip?GoogleAccessId=service-621927613306@gcf-admin-robot.iam.gserviceaccount.com&Expires=1544953768&Signature=VfUVVPU07%2F15n4uNBcS51SxAyXxerZSJVYTAqp011nhDKzMalfhOORoJ6fIv1b6NXle5Np%2BPApXAcTJLEJSd1DwxBdENDUJmYRUuUJGKIjprTMat7aCO4crfRTndoAvOZfoQMKiifAEMOm0TvBDsmSD7E0Vjk%2BIdMOKxexiSBUH0NypykrHBJJcqEC00ud7iKuwabCKNc3MOm5leEfsrDqTSyW7UjWhcruvx%2BS7tP8l5qW8fys4b1g9m%2FGcne6HvAe5oku5DpBwdVcNh472TEjsl1Jm7xqJ5iFbp32Y9eaLztC7uRBLIw2WaEoryk0yulsjUkO3lem08wkncpHkxmg%3D%3D  

[debug] [2018-12-16T09:19:32.313Z] <<< HTTP RESPONSE 200
[info] +  functions: functions folder uploaded successfully
[debug] [2018-12-16T09:19:32.317Z] >>> HTTP REQUEST GET https://cloudfunctions.googleapis.com/v1/projects/just-duality-219119/locations/-/functions  
 
[debug] [2018-12-16T09:19:33.634Z] <<< HTTP RESPONSE 200
[info] i  functions: creating Node.js 6 function createActivity(us-central1)...
[debug] [2018-12-16T09:19:33.639Z] Trigger is:  {"eventTrigger":{"resource":"projects/just-duality-219119/databases/(default)/documents/events/{eventId}","eventType":"providers/cloud.firestore/eventTypes/document.create","service":"firestore.googleapis.com"}}
[info] 
The following functions are found in your project but do not exist in your local source code:
	helloWorld(us-central1)

If you are renaming a function or changing its region, it is recommended that you create the new function first before deleting the old one to prevent event loss. For more info, visit https://firebase.google.com/docs/functions/manage-functions#modify

